ERROR:root:FIXME: Unimplemented - put('list', 'A squence of things - created using []')
ERROR:root:FIXME: Unimplemented - put('list', 'A sequence of things - created using []')
ERROR:root:FIXME: Unimplemented - get('list')
INFO:root:Contruction parser
INFO:root:Contruction parser
INFO:root:Contruction parser
INFO:root:Contruction parser
INFO:root:Contruction parser
INFO:root:Contruction parser
DEBUG:root:Constructing put subparser
INFO:root:Contruction parser
DEBUG:root:Constructing put subparser
INFO:root:Contruction parser
DEBUG:root:Constructing put subparser
INFO:root:Contruction parser
DEBUG:root:Constructing put subparser
INFO:root:Contruction parser
DEBUG:root:Constructing put subparser
DEBUG:root:Connecting to PostgreSQL
DEBUG:root:Connecting to PostgreSQL
DEBUG:root:Connecting to PostgreSQL
DEBUG:root:Database connect established.
INFO:root:Contruction parser
DEBUG:root:Constructing put subparser
DEBUG:root:Connecting to PostgreSQL
DEBUG:root:Database connect established.
INFO:root:Contruction parser
DEBUG:root:Constructing put subparser
INFO:root:Storing snippet 'Test': 'This is a test'
DEBUG:root:Snippet stored successfully.
DEBUG:root:Connecting to PostgreSQL
DEBUG:root:Database connect established.
INFO:root:Contruction parser
DEBUG:root:Constructing put subparser
INFO:root:Storing snippet 'Test': 'This is a test snippet'
DEBUG:root:Connecting to PostgreSQL
DEBUG:root:Database connect established.
INFO:root:Contruction parser
DEBUG:root:Constructing put subparser
DEBUG:root:Connecting to PostgreSQL
DEBUG:root:Database connect established.
INFO:root:Contruction parser
DEBUG:root:Constructing put subparser
DEBUG:root:Connecting to PostgreSQL
DEBUG:root:Database connect established.
INFO:root:Contruction parser
DEBUG:root:Constructing put subparser
DEBUG:root:Connecting to PostgreSQL
DEBUG:root:Database connect established.
INFO:root:Contruction parser
DEBUG:root:Constructing put subparser
DEBUG:root:Connecting to PostgreSQL
DEBUG:root:Database connect established.
INFO:root:Contruction parser
DEBUG:root:Constructing put subparser
DEBUG:root:Connecting to PostgreSQL
DEBUG:root:Database connect established.
INFO:root:Contruction parser
DEBUG:root:Constructing put subparser
DEBUG:root:Connecting to PostgreSQL
DEBUG:root:Database connect established.
INFO:root:Contruction parser
DEBUG:root:Constructing put subparser
DEBUG:root:Connecting to PostgreSQL
DEBUG:root:Database connect established.
INFO:root:Contruction parser
DEBUG:root:Constructing put subparser
DEBUG:root:Connecting to PostgreSQL
DEBUG:root:Database connect established.
INFO:root:Contruction parser
DEBUG:root:Constructing put subparser
DEBUG:root:Connecting to PostgreSQL
DEBUG:root:Database connect established.
INFO:root:Contruction parser
DEBUG:root:Constructing put subparser
DEBUG:root:Constructing get subparser
INFO:root:Getting snippet 'Test':
DEBUG:root:Connecting to PostgreSQL
DEBUG:root:Database connect established.
INFO:root:Contruction parser
DEBUG:root:Constructing put subparser
DEBUG:root:Constructing get subparser
DEBUG:root:Connecting to PostgreSQL
DEBUG:root:Database connect established.
INFO:root:Contruction parser
DEBUG:root:Constructing put subparser
DEBUG:root:Constructing get subparser
INFO:root:Getting snippet 'test':
DEBUG:root:Connecting to PostgreSQL
DEBUG:root:Database connect established.
INFO:root:Contruction parser
DEBUG:root:Constructing put subparser
DEBUG:root:Constructing get subparser
INFO:root:Getting snippet 'test':
DEBUG:root:Connecting to PostgreSQL
DEBUG:root:Database connect established.
INFO:root:Contruction parser
DEBUG:root:Constructing put subparser
DEBUG:root:Constructing get subparser
INFO:root:Getting snippet 'test':
INFO:root:Snippet retrieved successfully.
DEBUG:root:Connecting to PostgreSQL
DEBUG:root:Database connect established.
INFO:root:Contruction parser
DEBUG:root:Constructing put subparser
DEBUG:root:Constructing get subparser
INFO:root:Getting snippet 'Test':
INFO:root:Snippet retrieved successfully.
DEBUG:root:Connecting to PostgreSQL
DEBUG:root:Database connect established.
INFO:root:Contruction parser
DEBUG:root:Constructing put subparser
DEBUG:root:Constructing get subparser
INFO:root:Getting snippet 'Test':
INFO:root:Snippet retrieved successfully.
DEBUG:root:Connecting to PostgreSQL
DEBUG:root:Database connect established.
INFO:root:Contruction parser
DEBUG:root:Constructing put subparser
DEBUG:root:Constructing get subparser
DEBUG:root:Connecting to PostgreSQL
DEBUG:root:Database connect established.
INFO:root:Contruction parser
DEBUG:root:Constructing put subparser
DEBUG:root:Constructing get subparser
INFO:root:Storing snippet 'GoldenRule': 'Treat other people how you want to be treated'
INFO:root:Snippet stored successfully.
DEBUG:root:Connecting to PostgreSQL
DEBUG:root:Database connect established.
INFO:root:Contruction parser
DEBUG:root:Constructing put subparser
DEBUG:root:Constructing get subparser
INFO:root:Storing snippet 'Children': 'Smell like boogers and sweat'
INFO:root:Snippet stored successfully.
